<?xml version="1.0" encoding="UTF-8"?>
<testng-results ignored="0" total="1" passed="1" failed="0" skipped="0">
  <reporter-output>
  </reporter-output>
  <suite started-at="2022-08-28T01:31:01 EDT" name="Default suite" finished-at="2022-08-28T01:31:12 EDT" duration-ms="11198">
    <groups>
    </groups>
    <test started-at="2022-08-28T01:31:01 EDT" name="Default test" finished-at="2022-08-28T01:31:12 EDT" duration-ms="11198">
      <class name="concepts.LoginTest">
        <test-method is-config="true" signature="init()[pri:0, instance:concepts.LoginTest@446293d]" started-at="2022-08-28T01:31:01 EDT" name="init" finished-at="2022-08-28T01:31:08 EDT" duration-ms="7460" status="PASS">
          <reporter-output>
          </reporter-output>
        </test-method> <!-- init -->
        <test-method is-config="true" signature="readConfig()[pri:0, instance:concepts.LoginTest@446293d]" started-at="2022-08-28T01:31:08 EDT" name="readConfig" finished-at="2022-08-28T01:31:08 EDT" duration-ms="1" status="PASS">
          <reporter-output>
          </reporter-output>
        </test-method> <!-- readConfig -->
        <test-method signature="loginTest()[pri:0, instance:concepts.LoginTest@446293d]" started-at="2022-08-28T01:31:08 EDT" name="loginTest" finished-at="2022-08-28T01:31:12 EDT" duration-ms="3633" status="PASS">
          <reporter-output>
          </reporter-output>
        </test-method> <!-- loginTest -->
      </class> <!-- concepts.LoginTest -->
    </test> <!-- Default test -->
  </suite> <!-- Default suite -->
</testng-results>
